<?xml version="1.0" encoding="utf-8"?><testsuites><testsuite name="pytest" errors="0" failures="0" skipped="0" tests="41" time="3.138" timestamp="2026-09-09T22:14:58.262187-05:00" hostname="localhost"><properties><property name="hypothesis-statistics-tests/test_development.py::test_implication_threshold_matches_order" value="dGVzdHMvdGVzdF9kZXZlbG9wbWVudC5weTo6dGVzdF9pbXBsaWNhdGlvbl90aHJlc2hvbGRfbWF0Y2hlc19vcmRlcjoKCiAgLSBkdXJpbmcgZ2VuZXJhdGUgcGhhc2UgKDAuNzYgc2Vjb25kcyk6CiAgICAtIFR5cGljYWwgcnVudGltZXM6IH4gNC0xMiBtcywgb2Ygd2hpY2ggPCAxbXMgaW4gZGF0YSBnZW5lcmF0aW9uCiAgICAtIDEwMCBwYXNzaW5nIGV4YW1wbGVzLCAwIGZhaWxpbmcgZXhhbXBsZXMsIDAgaW52YWxpZCBleGFtcGxlcwoKICAtIFN0b3BwZWQgYmVjYXVzZSBzZXR0aW5ncy5tYXhfZXhhbXBsZXM9MTAw" /><property name="hypothesis-statistics-tests/test_development.py::test_exact_rational_cross_engine" value="dGVzdHMvdGVzdF9kZXZlbG9wbWVudC5weTo6dGVzdF9leGFjdF9yYXRpb25hbF9jcm9zc19lbmdpbmU6CgogIC0gZHVyaW5nIGdlbmVyYXRlIHBoYXNlICgwLjQ5IHNlY29uZHMpOgogICAgLSBUeXBpY2FsIHJ1bnRpbWVzOiB+IDQtNSBtcywgb2Ygd2hpY2ggPCAxbXMgaW4gZGF0YSBnZW5lcmF0aW9uCiAgICAtIDEwMCBwYXNzaW5nIGV4YW1wbGVzLCAwIGZhaWxpbmcgZXhhbXBsZXMsIDAgaW52YWxpZCBleGFtcGxlcwoKICAtIFN0b3BwZWQgYmVjYXVzZSBzZXR0aW5ncy5tYXhfZXhhbXBsZXM9MTAw" /><property name="hypothesis-statistics-tests/test_generated_differential.py::TestEquivalentZ3_Integer_IntervalCvc5_Integer_Interval::test_equivalent_z3_integer_interval_cvc5_integer_interval" value="dGVzdHMvdGVzdF9nZW5lcmF0ZWRfZGlmZmVyZW50aWFsLnB5OjpUZXN0RXF1aXZhbGVudFozX0ludGVnZXJfSW50ZXJ2YWxDdmM1X0ludGVnZXJfSW50ZXJ2YWw6OnRlc3RfZXF1aXZhbGVudF96M19pbnRlZ2VyX2ludGVydmFsX2N2YzVfaW50ZWdlcl9pbnRlcnZhbDoKCiAgLSBkdXJpbmcgZ2VuZXJhdGUgcGhhc2UgKDAuMzQgc2Vjb25kcyk6CiAgICAtIFR5cGljYWwgcnVudGltZXM6IH4gMi00IG1zLCBvZiB3aGljaCA8IDFtcyBpbiBkYXRhIGdlbmVyYXRpb24KICAgIC0gMTAwIHBhc3NpbmcgZXhhbXBsZXMsIDAgZmFpbGluZyBleGFtcGxlcywgMCBpbnZhbGlkIGV4YW1wbGVzCgogIC0gU3RvcHBlZCBiZWNhdXNlIHNldHRpbmdzLm1heF9leGFtcGxlcz0xMDA=" /></properties><testcase classname="tests.test_development" name="test_three_stage_recursive_construction_and_proof_gap" time="0.148" /><testcase classname="tests.test_development" name="test_joint_shared_resource_failure_retains_counterexample" time="0.110" /><testcase classname="tests.test_development" name="test_boundary_field_swap_cannot_be_implicitly_adapted[schema]" time="0.042" /><testcase classname="tests.test_development" name="test_boundary_field_swap_cannot_be_implicitly_adapted[meaning]" time="0.035" /><testcase classname="tests.test_development" name="test_boundary_field_swap_cannot_be_implicitly_adapted[identity]" time="0.034" /><testcase classname="tests.test_development" name="test_boundary_field_swap_cannot_be_implicitly_adapted[time]" time="0.034" /><testcase classname="tests.test_development" name="test_boundary_field_swap_cannot_be_implicitly_adapted[basis]" time="0.025" /><testcase classname="tests.test_development" name="test_boundary_field_swap_cannot_be_implicitly_adapted[coverage]" time="0.024" /><testcase classname="tests.test_development" name="test_boundary_field_swap_cannot_be_implicitly_adapted[authority]" time="0.030" /><testcase classname="tests.test_development" name="test_boundary_field_swap_cannot_be_implicitly_adapted[state]" time="0.024" /><testcase classname="tests.test_development" name="test_boundary_field_swap_cannot_be_implicitly_adapted[effects]" time="0.032" /><testcase classname="tests.test_development" name="test_boundary_field_swap_cannot_be_implicitly_adapted[numeric]" time="0.026" /><testcase classname="tests.test_development" name="test_boundary_field_swap_cannot_be_implicitly_adapted[resources]" time="0.031" /><testcase classname="tests.test_development" name="test_boundary_field_swap_cannot_be_implicitly_adapted[evidence]" time="0.025" /><testcase classname="tests.test_development" name="test_boundary_field_swap_cannot_be_implicitly_adapted[change]" time="0.027" /><testcase classname="tests.test_development" name="test_boundary_field_swap_cannot_be_implicitly_adapted[exceptions]" time="0.026" /><testcase classname="tests.test_development" name="test_dropped_requirement_rejected" time="0.025" /><testcase classname="tests.test_development" name="test_changed_predicate_invalidates_acceptance" time="0.026" /><testcase classname="tests.test_development" name="test_changed_baseline_rejected" time="0.025" /><testcase classname="tests.test_development" name="test_vacuity_is_not_implication_success" time="0.005" /><testcase classname="tests.test_development" name="test_incompatible_consumer_contract" time="0.094" /><testcase classname="tests.test_development" name="test_cycle_and_missing_prerequisite_rejected" time="0.023" /><testcase classname="tests.test_development" name="test_graph_replay_rejects_open_input_and_extraneous_component" time="0.106" /><testcase classname="tests.test_development" name="test_search_bound_does_not_claim_universal_absence" time="0.027" /><testcase classname="tests.test_development" name="test_unsupported_grammar_not_silently_flattened" time="0.022" /><testcase classname="tests.test_development" name="test_duplicate_json_keys_and_nonfinite" time="0.002" /><testcase classname="tests.test_development" name="test_unsupported_or_ill_typed_logic[expression0]" time="0.001" /><testcase classname="tests.test_development" name="test_unsupported_or_ill_typed_logic[expression1]" time="0.000" /><testcase classname="tests.test_development" name="test_unsupported_or_ill_typed_logic[expression2]" time="0.000" /><testcase classname="tests.test_development" name="test_unsupported_or_ill_typed_logic[expression3]" time="0.000" /><testcase classname="tests.test_development" name="test_unsupported_or_ill_typed_logic[expression4]" time="0.000" /><testcase classname="tests.test_development" name="test_implication_threshold_matches_order" time="0.763" /><testcase classname="tests.test_development" name="test_exact_rational_cross_engine" time="0.491" /><testcase classname="tests.test_development" name="test_full_catalogue_includes_f29_proof_outside_short_anchors" time="0.038" /><testcase classname="tests.test_development" name="test_certificate_replay_and_tamper_detection" time="0.302" /><testcase classname="tests.test_development" name="test_state_checker_finds_effect_after_revocation" time="0.014" /><testcase classname="tests.test_development" name="test_state_checker_safe_and_nonterminal_deadlock" time="0.022" /><testcase classname="tests.test_development" name="test_obligations_include_interactions_and_exclude_absent_features" time="0.008" /><testcase classname="tests.test_development" name="test_unknown_propagates_without_relabeling" time="0.000" /><testcase classname="tests.test_development" name="test_engine_disagreement_is_blocking" time="0.000" /><testcase classname="tests.test_generated_differential.TestEquivalentZ3_Integer_IntervalCvc5_Integer_Interval" name="test_equivalent_z3_integer_interval_cvc5_integer_interval" time="0.344" /></testsuite></testsuites>